[0.022s] Invoking command in '/home/michaeltanto/Documents/Programming/LIDAR_WS/src/ROS_LIDAR_SIM/build/my_bot': CMAKE_PREFIX_PATH=${CMAKE_PREFIX_PATH}:/opt/ros/humble /usr/bin/cmake /home/michaeltanto/Documents/Programming/LIDAR_WS/src/ROS_LIDAR_SIM -DAMENT_CMAKE_SYMLINK_INSTALL=1 -DCMAKE_INSTALL_PREFIX=/home/michaeltanto/Documents/Programming/LIDAR_WS/src/ROS_LIDAR_SIM/install/my_bot
[0.224s] -- The C compiler identification is GNU 11.4.0
[0.364s] -- The CXX compiler identification is GNU 11.4.0
[0.374s] -- Detecting C compiler ABI info
[0.419s] -- Detecting C compiler ABI info - done
[0.425s] -- Check for working C compiler: /usr/bin/cc - skipped
[0.425s] -- Detecting C compile features
[0.426s] -- Detecting C compile features - done
[0.430s] -- Detecting CXX compiler ABI info
[0.490s] -- Detecting CXX compiler ABI info - done
[0.496s] -- Check for working CXX compiler: /usr/bin/c++ - skipped
[0.496s] -- Detecting CXX compile features
[0.497s] -- Detecting CXX compile features - done
[0.503s] -- Found ament_cmake: 1.3.10 (/opt/ros/humble/share/ament_cmake/cmake)
[0.602s] -- Found Python3: /usr/bin/python3 (found version "3.10.12") found components: Interpreter 
[0.668s] -- Override CMake install command with custom implementation using symlinks instead of copying resources
[0.695s] -- Found ament_lint_auto: 0.12.11 (/opt/ros/humble/share/ament_lint_auto/cmake)
[0.759s] -- Added test 'copyright' to check source files copyright and LICENSE
[0.766s] -- Added test 'cppcheck' to perform static code analysis on C / C++ code
[0.766s] -- Configured cppcheck include dirs: 
[0.766s] -- Configured cppcheck exclude dirs and/or files: 
[0.769s] -- Added test 'cpplint' to check C / C++ code against the Google style
[0.769s] -- Configured cpplint exclude dirs and/or files: 
[0.770s] -- Added test 'flake8' to check Python code syntax and style conventions
[0.771s] -- Added test 'lint_cmake' to check CMake code style
[0.772s] -- Added test 'pep257' to check Python code against some of the docstring style conventions in PEP 257
[0.775s] -- Added test 'uncrustify' to check C / C++ code style
[0.775s] -- Configured uncrustify additional arguments: 
[0.776s] -- Added test 'xmllint' to check XML markup files
[0.777s] -- Configuring done
[0.779s] -- Generating done
[0.780s] -- Build files have been written to: /home/michaeltanto/Documents/Programming/LIDAR_WS/src/ROS_LIDAR_SIM/build/my_bot
[0.784s] Invoked command in '/home/michaeltanto/Documents/Programming/LIDAR_WS/src/ROS_LIDAR_SIM/build/my_bot' returned '0': CMAKE_PREFIX_PATH=${CMAKE_PREFIX_PATH}:/opt/ros/humble /usr/bin/cmake /home/michaeltanto/Documents/Programming/LIDAR_WS/src/ROS_LIDAR_SIM -DAMENT_CMAKE_SYMLINK_INSTALL=1 -DCMAKE_INSTALL_PREFIX=/home/michaeltanto/Documents/Programming/LIDAR_WS/src/ROS_LIDAR_SIM/install/my_bot
[0.784s] Invoking command in '/home/michaeltanto/Documents/Programming/LIDAR_WS/src/ROS_LIDAR_SIM/build/my_bot': CMAKE_PREFIX_PATH=${CMAKE_PREFIX_PATH}:/opt/ros/humble /usr/bin/cmake --build /home/michaeltanto/Documents/Programming/LIDAR_WS/src/ROS_LIDAR_SIM/build/my_bot -- -j4 -l4
[0.803s] Invoked command in '/home/michaeltanto/Documents/Programming/LIDAR_WS/src/ROS_LIDAR_SIM/build/my_bot' returned '0': CMAKE_PREFIX_PATH=${CMAKE_PREFIX_PATH}:/opt/ros/humble /usr/bin/cmake --build /home/michaeltanto/Documents/Programming/LIDAR_WS/src/ROS_LIDAR_SIM/build/my_bot -- -j4 -l4
[0.819s] Invoking command in '/home/michaeltanto/Documents/Programming/LIDAR_WS/src/ROS_LIDAR_SIM/build/my_bot': CMAKE_PREFIX_PATH=${CMAKE_PREFIX_PATH}:/opt/ros/humble /usr/bin/cmake --install /home/michaeltanto/Documents/Programming/LIDAR_WS/src/ROS_LIDAR_SIM/build/my_bot
[0.823s] -- Install configuration: ""
[0.823s] -- Execute custom install script
[0.823s] -- Symlinking: /home/michaeltanto/Documents/Programming/LIDAR_WS/src/ROS_LIDAR_SIM/install/my_bot/share/my_bot/config/empty.yaml
[0.828s] -- Symlinking: /home/michaeltanto/Documents/Programming/LIDAR_WS/src/ROS_LIDAR_SIM/install/my_bot/share/my_bot/description/inertial_macros.xacro
[0.833s] -- Symlinking: /home/michaeltanto/Documents/Programming/LIDAR_WS/src/ROS_LIDAR_SIM/install/my_bot/share/my_bot/description/robot.urdf.xacro
[0.848s] -- Symlinking: /home/michaeltanto/Documents/Programming/LIDAR_WS/src/ROS_LIDAR_SIM/install/my_bot/share/my_bot/description/robot_core.xacro
[0.852s] -- Symlinking: /home/michaeltanto/Documents/Programming/LIDAR_WS/src/ROS_LIDAR_SIM/install/my_bot/share/my_bot/launch/rsp.launch.py
[0.856s] -- Symlinking: /home/michaeltanto/Documents/Programming/LIDAR_WS/src/ROS_LIDAR_SIM/install/my_bot/share/my_bot/worlds/empty.world
[0.860s] -- Symlinking: /home/michaeltanto/Documents/Programming/LIDAR_WS/src/ROS_LIDAR_SIM/install/my_bot/share/ament_index/resource_index/package_run_dependencies/my_bot
[0.864s] -- Symlinking: /home/michaeltanto/Documents/Programming/LIDAR_WS/src/ROS_LIDAR_SIM/install/my_bot/share/ament_index/resource_index/parent_prefix_path/my_bot
[0.871s] -- Symlinking: /home/michaeltanto/Documents/Programming/LIDAR_WS/src/ROS_LIDAR_SIM/install/my_bot/share/my_bot/environment/ament_prefix_path.sh
[0.875s] -- Symlinking: /home/michaeltanto/Documents/Programming/LIDAR_WS/src/ROS_LIDAR_SIM/install/my_bot/share/my_bot/environment/ament_prefix_path.dsv
[0.879s] -- Symlinking: /home/michaeltanto/Documents/Programming/LIDAR_WS/src/ROS_LIDAR_SIM/install/my_bot/share/my_bot/environment/path.sh
[0.883s] -- Symlinking: /home/michaeltanto/Documents/Programming/LIDAR_WS/src/ROS_LIDAR_SIM/install/my_bot/share/my_bot/environment/path.dsv
[0.887s] -- Symlinking: /home/michaeltanto/Documents/Programming/LIDAR_WS/src/ROS_LIDAR_SIM/install/my_bot/share/my_bot/local_setup.bash
[0.891s] -- Symlinking: /home/michaeltanto/Documents/Programming/LIDAR_WS/src/ROS_LIDAR_SIM/install/my_bot/share/my_bot/local_setup.sh
[0.895s] -- Symlinking: /home/michaeltanto/Documents/Programming/LIDAR_WS/src/ROS_LIDAR_SIM/install/my_bot/share/my_bot/local_setup.zsh
[0.899s] -- Symlinking: /home/michaeltanto/Documents/Programming/LIDAR_WS/src/ROS_LIDAR_SIM/install/my_bot/share/my_bot/local_setup.dsv
[0.903s] -- Symlinking: /home/michaeltanto/Documents/Programming/LIDAR_WS/src/ROS_LIDAR_SIM/install/my_bot/share/my_bot/package.dsv
[0.906s] -- Symlinking: /home/michaeltanto/Documents/Programming/LIDAR_WS/src/ROS_LIDAR_SIM/install/my_bot/share/ament_index/resource_index/packages/my_bot
[0.910s] -- Symlinking: /home/michaeltanto/Documents/Programming/LIDAR_WS/src/ROS_LIDAR_SIM/install/my_bot/share/my_bot/cmake/my_botConfig.cmake
[0.914s] -- Symlinking: /home/michaeltanto/Documents/Programming/LIDAR_WS/src/ROS_LIDAR_SIM/install/my_bot/share/my_bot/cmake/my_botConfig-version.cmake
[0.918s] -- Symlinking: /home/michaeltanto/Documents/Programming/LIDAR_WS/src/ROS_LIDAR_SIM/install/my_bot/share/my_bot/package.xml
[0.923s] Invoked command in '/home/michaeltanto/Documents/Programming/LIDAR_WS/src/ROS_LIDAR_SIM/build/my_bot' returned '0': CMAKE_PREFIX_PATH=${CMAKE_PREFIX_PATH}:/opt/ros/humble /usr/bin/cmake --install /home/michaeltanto/Documents/Programming/LIDAR_WS/src/ROS_LIDAR_SIM/build/my_bot
